22-Nov-2025 11:14:57.081 INFO [main] org.apache.catalina.startup.VersionLoggerListener.log Server version name:   Apache Tomcat/10.1.49
22-Nov-2025 11:14:57.084 INFO [main] org.apache.catalina.startup.VersionLoggerListener.log Server built:          Nov 6 2025 01:31:11 UTC
22-Nov-2025 11:14:57.084 INFO [main] org.apache.catalina.startup.VersionLoggerListener.log Server version number: 10.1.49.0
22-Nov-2025 11:14:57.084 INFO [main] org.apache.catalina.startup.VersionLoggerListener.log OS Name:               Windows 11
22-Nov-2025 11:14:57.084 INFO [main] org.apache.catalina.startup.VersionLoggerListener.log OS Version:            10.0
22-Nov-2025 11:14:57.084 INFO [main] org.apache.catalina.startup.VersionLoggerListener.log Architecture:          amd64
22-Nov-2025 11:14:57.084 INFO [main] org.apache.catalina.startup.VersionLoggerListener.log Java Home:             C:\Program Files\Java\jdk-23
22-Nov-2025 11:14:57.084 INFO [main] org.apache.catalina.startup.VersionLoggerListener.log JVM Version:           23.0.2+7-58
22-Nov-2025 11:14:57.084 INFO [main] org.apache.catalina.startup.VersionLoggerListener.log JVM Vendor:            Oracle Corporation
22-Nov-2025 11:14:57.084 INFO [main] org.apache.catalina.startup.VersionLoggerListener.log CATALINA_BASE:         C:\Users\st855\Desktop\project2\apache-tomcat-10.1.49
22-Nov-2025 11:14:57.084 INFO [main] org.apache.catalina.startup.VersionLoggerListener.log CATALINA_HOME:         C:\Users\st855\Desktop\project2\apache-tomcat-10.1.49
22-Nov-2025 11:14:57.142 INFO [main] org.apache.catalina.startup.VersionLoggerListener.log Command line argument: -Djava.util.logging.config.file=C:\Users\st855\Desktop\project2\apache-tomcat-10.1.49\conf\logging.properties
22-Nov-2025 11:14:57.142 INFO [main] org.apache.catalina.startup.VersionLoggerListener.log Command line argument: -Djava.util.logging.manager=org.apache.juli.ClassLoaderLogManager
22-Nov-2025 11:14:57.142 INFO [main] org.apache.catalina.startup.VersionLoggerListener.log Command line argument: -Djdk.tls.ephemeralDHKeySize=2048
22-Nov-2025 11:14:57.142 INFO [main] org.apache.catalina.startup.VersionLoggerListener.log Command line argument: -Djava.protocol.handler.pkgs=org.apache.catalina.webresources
22-Nov-2025 11:14:57.142 INFO [main] org.apache.catalina.startup.VersionLoggerListener.log Command line argument: -Dsun.io.useCanonCaches=false
22-Nov-2025 11:14:57.145 INFO [main] org.apache.catalina.startup.VersionLoggerListener.log Command line argument: --add-opens=java.base/java.lang=ALL-UNNAMED
22-Nov-2025 11:14:57.145 INFO [main] org.apache.catalina.startup.VersionLoggerListener.log Command line argument: --add-opens=java.base/java.lang.reflect=ALL-UNNAMED
22-Nov-2025 11:14:57.145 INFO [main] org.apache.catalina.startup.VersionLoggerListener.log Command line argument: --add-opens=java.base/java.io=ALL-UNNAMED
22-Nov-2025 11:14:57.146 INFO [main] org.apache.catalina.startup.VersionLoggerListener.log Command line argument: --add-opens=java.base/java.util=ALL-UNNAMED
22-Nov-2025 11:14:57.146 INFO [main] org.apache.catalina.startup.VersionLoggerListener.log Command line argument: --add-opens=java.base/java.util.concurrent=ALL-UNNAMED
22-Nov-2025 11:14:57.146 INFO [main] org.apache.catalina.startup.VersionLoggerListener.log Command line argument: --add-opens=java.rmi/sun.rmi.transport=ALL-UNNAMED
22-Nov-2025 11:14:57.147 INFO [main] org.apache.catalina.startup.VersionLoggerListener.log Command line argument: -Dcatalina.base=C:\Users\st855\Desktop\project2\apache-tomcat-10.1.49
22-Nov-2025 11:14:57.147 INFO [main] org.apache.catalina.startup.VersionLoggerListener.log Command line argument: -Dcatalina.home=C:\Users\st855\Desktop\project2\apache-tomcat-10.1.49
22-Nov-2025 11:14:57.147 INFO [main] org.apache.catalina.startup.VersionLoggerListener.log Command line argument: -Djava.io.tmpdir=C:\Users\st855\Desktop\project2\apache-tomcat-10.1.49\temp
22-Nov-2025 11:14:57.158 INFO [main] org.apache.catalina.core.AprLifecycleListener.lifecycleEvent Loaded Apache Tomcat Native library [2.0.9] using APR version [1.7.6].
22-Nov-2025 11:14:57.190 INFO [main] org.apache.catalina.core.AprLifecycleListener.initializeSSL OpenSSL successfully initialized [OpenSSL 3.5.0 8 Apr 2025]
22-Nov-2025 11:14:57.779 INFO [main] org.apache.coyote.AbstractProtocol.init Initializing ProtocolHandler ["http-nio-8080"]
22-Nov-2025 11:14:57.822 INFO [main] org.apache.catalina.startup.Catalina.load Server initialization in [1201] milliseconds
22-Nov-2025 11:14:57.902 INFO [main] org.apache.catalina.core.StandardService.startInternal Starting service [Catalina]
22-Nov-2025 11:14:57.902 INFO [main] org.apache.catalina.core.StandardEngine.startInternal Starting Servlet engine: [Apache Tomcat/10.1.49]
22-Nov-2025 11:14:57.936 INFO [main] org.apache.catalina.startup.HostConfig.deployWAR Deploying web application archive [C:\Users\st855\Desktop\project2\apache-tomcat-10.1.49\webapps\CyberLearn.war]
22-Nov-2025 11:14:59.727 INFO [main] org.apache.jasper.servlet.TldScanner.scanJars At least one JAR was scanned for TLDs yet contained no TLDs. Enable debug logging for this logger for a complete list of JARs that were scanned but no TLDs were found in them. Skipping unneeded JARs during scanning can improve startup time and JSP compilation time.
22-Nov-2025 11:14:59.884 INFO [main] org.apache.catalina.startup.HostConfig.deployWAR Deployment of web application archive [C:\Users\st855\Desktop\project2\apache-tomcat-10.1.49\webapps\CyberLearn.war] has finished in [1,948] ms
22-Nov-2025 11:14:59.887 INFO [main] org.apache.catalina.startup.HostConfig.deployDirectory Deploying web application directory [C:\Users\st855\Desktop\project2\apache-tomcat-10.1.49\webapps\docs]
22-Nov-2025 11:14:59.952 INFO [main] org.apache.catalina.startup.HostConfig.deployDirectory Deployment of web application directory [C:\Users\st855\Desktop\project2\apache-tomcat-10.1.49\webapps\docs] has finished in [65] ms
22-Nov-2025 11:14:59.952 INFO [main] org.apache.catalina.startup.HostConfig.deployDirectory Deploying web application directory [C:\Users\st855\Desktop\project2\apache-tomcat-10.1.49\webapps\examples]
22-Nov-2025 11:15:00.693 INFO [main] org.apache.catalina.startup.HostConfig.deployDirectory Deployment of web application directory [C:\Users\st855\Desktop\project2\apache-tomcat-10.1.49\webapps\examples] has finished in [741] ms
22-Nov-2025 11:15:00.693 INFO [main] org.apache.catalina.startup.HostConfig.deployDirectory Deploying web application directory [C:\Users\st855\Desktop\project2\apache-tomcat-10.1.49\webapps\host-manager]
22-Nov-2025 11:15:00.757 INFO [main] org.apache.catalina.startup.HostConfig.deployDirectory Deployment of web application directory [C:\Users\st855\Desktop\project2\apache-tomcat-10.1.49\webapps\host-manager] has finished in [64] ms
22-Nov-2025 11:15:00.760 INFO [main] org.apache.catalina.startup.HostConfig.deployDirectory Deploying web application directory [C:\Users\st855\Desktop\project2\apache-tomcat-10.1.49\webapps\manager]
22-Nov-2025 11:15:00.805 INFO [main] org.apache.catalina.startup.HostConfig.deployDirectory Deployment of web application directory [C:\Users\st855\Desktop\project2\apache-tomcat-10.1.49\webapps\manager] has finished in [48] ms
22-Nov-2025 11:15:00.805 INFO [main] org.apache.catalina.startup.HostConfig.deployDirectory Deploying web application directory [C:\Users\st855\Desktop\project2\apache-tomcat-10.1.49\webapps\ROOT]
22-Nov-2025 11:15:00.852 INFO [main] org.apache.catalina.startup.HostConfig.deployDirectory Deployment of web application directory [C:\Users\st855\Desktop\project2\apache-tomcat-10.1.49\webapps\ROOT] has finished in [47] ms
22-Nov-2025 11:15:00.866 INFO [main] org.apache.coyote.AbstractProtocol.start Starting ProtocolHandler ["http-nio-8080"]
22-Nov-2025 11:15:00.912 INFO [main] org.apache.catalina.startup.Catalina.start Server startup in [3087] milliseconds
