07-Dec-2025 11:48:42.640 INFO [main] org.apache.catalina.startup.VersionLoggerListener.log Server version name:   Apache Tomcat/10.1.49
07-Dec-2025 11:48:42.667 INFO [main] org.apache.catalina.startup.VersionLoggerListener.log Server built:          Nov 6 2025 01:31:11 UTC
07-Dec-2025 11:48:42.667 INFO [main] org.apache.catalina.startup.VersionLoggerListener.log Server version number: 10.1.49.0
07-Dec-2025 11:48:42.667 INFO [main] org.apache.catalina.startup.VersionLoggerListener.log OS Name:               Windows 11
07-Dec-2025 11:48:42.667 INFO [main] org.apache.catalina.startup.VersionLoggerListener.log OS Version:            10.0
07-Dec-2025 11:48:42.667 INFO [main] org.apache.catalina.startup.VersionLoggerListener.log Architecture:          amd64
07-Dec-2025 11:48:42.667 INFO [main] org.apache.catalina.startup.VersionLoggerListener.log Java Home:             C:\Program Files\Java\jdk-23
07-Dec-2025 11:48:42.667 INFO [main] org.apache.catalina.startup.VersionLoggerListener.log JVM Version:           23.0.2+7-58
07-Dec-2025 11:48:42.672 INFO [main] org.apache.catalina.startup.VersionLoggerListener.log JVM Vendor:            Oracle Corporation
07-Dec-2025 11:48:42.672 INFO [main] org.apache.catalina.startup.VersionLoggerListener.log CATALINA_BASE:         C:\Users\st855\Desktop\project2\apache-tomcat-10.1.49
07-Dec-2025 11:48:42.672 INFO [main] org.apache.catalina.startup.VersionLoggerListener.log CATALINA_HOME:         C:\Users\st855\Desktop\project2\apache-tomcat-10.1.49
07-Dec-2025 11:48:42.723 INFO [main] org.apache.catalina.startup.VersionLoggerListener.log Command line argument: -Djava.util.logging.config.file=C:\Users\st855\Desktop\project2\apache-tomcat-10.1.49\conf\logging.properties
07-Dec-2025 11:48:42.723 INFO [main] org.apache.catalina.startup.VersionLoggerListener.log Command line argument: -Djava.util.logging.manager=org.apache.juli.ClassLoaderLogManager
07-Dec-2025 11:48:42.723 INFO [main] org.apache.catalina.startup.VersionLoggerListener.log Command line argument: -Djdk.tls.ephemeralDHKeySize=2048
07-Dec-2025 11:48:42.723 INFO [main] org.apache.catalina.startup.VersionLoggerListener.log Command line argument: -Djava.protocol.handler.pkgs=org.apache.catalina.webresources
07-Dec-2025 11:48:42.723 INFO [main] org.apache.catalina.startup.VersionLoggerListener.log Command line argument: -Dsun.io.useCanonCaches=false
07-Dec-2025 11:48:42.723 INFO [main] org.apache.catalina.startup.VersionLoggerListener.log Command line argument: --add-opens=java.base/java.lang=ALL-UNNAMED
07-Dec-2025 11:48:42.723 INFO [main] org.apache.catalina.startup.VersionLoggerListener.log Command line argument: --add-opens=java.base/java.lang.reflect=ALL-UNNAMED
07-Dec-2025 11:48:42.723 INFO [main] org.apache.catalina.startup.VersionLoggerListener.log Command line argument: --add-opens=java.base/java.io=ALL-UNNAMED
07-Dec-2025 11:48:42.730 INFO [main] org.apache.catalina.startup.VersionLoggerListener.log Command line argument: --add-opens=java.base/java.util=ALL-UNNAMED
07-Dec-2025 11:48:42.730 INFO [main] org.apache.catalina.startup.VersionLoggerListener.log Command line argument: --add-opens=java.base/java.util.concurrent=ALL-UNNAMED
07-Dec-2025 11:48:42.731 INFO [main] org.apache.catalina.startup.VersionLoggerListener.log Command line argument: --add-opens=java.rmi/sun.rmi.transport=ALL-UNNAMED
07-Dec-2025 11:48:42.731 INFO [main] org.apache.catalina.startup.VersionLoggerListener.log Command line argument: -Dcatalina.base=C:\Users\st855\Desktop\project2\apache-tomcat-10.1.49
07-Dec-2025 11:48:42.731 INFO [main] org.apache.catalina.startup.VersionLoggerListener.log Command line argument: -Dcatalina.home=C:\Users\st855\Desktop\project2\apache-tomcat-10.1.49
07-Dec-2025 11:48:42.731 INFO [main] org.apache.catalina.startup.VersionLoggerListener.log Command line argument: -Djava.io.tmpdir=C:\Users\st855\Desktop\project2\apache-tomcat-10.1.49\temp
07-Dec-2025 11:48:42.736 INFO [main] org.apache.catalina.core.AprLifecycleListener.lifecycleEvent Loaded Apache Tomcat Native library [2.0.9] using APR version [1.7.6].
07-Dec-2025 11:48:42.785 INFO [main] org.apache.catalina.core.AprLifecycleListener.initializeSSL OpenSSL successfully initialized [OpenSSL 3.5.0 8 Apr 2025]
07-Dec-2025 11:48:43.555 INFO [main] org.apache.coyote.AbstractProtocol.init Initializing ProtocolHandler ["http-nio-8080"]
07-Dec-2025 11:48:43.613 INFO [main] org.apache.catalina.startup.Catalina.load Server initialization in [1520] milliseconds
07-Dec-2025 11:48:43.730 INFO [main] org.apache.catalina.core.StandardService.startInternal Starting service [Catalina]
07-Dec-2025 11:48:43.730 INFO [main] org.apache.catalina.core.StandardEngine.startInternal Starting Servlet engine: [Apache Tomcat/10.1.49]
07-Dec-2025 11:48:43.776 INFO [main] org.apache.catalina.startup.HostConfig.deployWAR Deploying web application archive [C:\Users\st855\Desktop\project2\apache-tomcat-10.1.49\webapps\CyberLearn.war]
07-Dec-2025 11:48:46.578 INFO [main] org.apache.jasper.servlet.TldScanner.scanJars At least one JAR was scanned for TLDs yet contained no TLDs. Enable debug logging for this logger for a complete list of JARs that were scanned but no TLDs were found in them. Skipping unneeded JARs during scanning can improve startup time and JSP compilation time.
07-Dec-2025 11:48:46.774 INFO [main] org.apache.catalina.startup.HostConfig.deployWAR Deployment of web application archive [C:\Users\st855\Desktop\project2\apache-tomcat-10.1.49\webapps\CyberLearn.war] has finished in [2,998] ms
07-Dec-2025 11:48:46.781 INFO [main] org.apache.catalina.startup.HostConfig.deployDirectory Deploying web application directory [C:\Users\st855\Desktop\project2\apache-tomcat-10.1.49\webapps\docs]
07-Dec-2025 11:48:46.862 INFO [main] org.apache.catalina.startup.HostConfig.deployDirectory Deployment of web application directory [C:\Users\st855\Desktop\project2\apache-tomcat-10.1.49\webapps\docs] has finished in [88] ms
07-Dec-2025 11:48:46.862 INFO [main] org.apache.catalina.startup.HostConfig.deployDirectory Deploying web application directory [C:\Users\st855\Desktop\project2\apache-tomcat-10.1.49\webapps\examples]
07-Dec-2025 11:48:48.198 INFO [main] org.apache.catalina.startup.HostConfig.deployDirectory Deployment of web application directory [C:\Users\st855\Desktop\project2\apache-tomcat-10.1.49\webapps\examples] has finished in [1,334] ms
07-Dec-2025 11:48:48.198 INFO [main] org.apache.catalina.startup.HostConfig.deployDirectory Deploying web application directory [C:\Users\st855\Desktop\project2\apache-tomcat-10.1.49\webapps\host-manager]
07-Dec-2025 11:48:48.322 INFO [main] org.apache.catalina.startup.HostConfig.deployDirectory Deployment of web application directory [C:\Users\st855\Desktop\project2\apache-tomcat-10.1.49\webapps\host-manager] has finished in [124] ms
07-Dec-2025 11:48:48.322 INFO [main] org.apache.catalina.startup.HostConfig.deployDirectory Deploying web application directory [C:\Users\st855\Desktop\project2\apache-tomcat-10.1.49\webapps\manager]
07-Dec-2025 11:48:48.411 INFO [main] org.apache.catalina.startup.HostConfig.deployDirectory Deployment of web application directory [C:\Users\st855\Desktop\project2\apache-tomcat-10.1.49\webapps\manager] has finished in [89] ms
07-Dec-2025 11:48:48.411 INFO [main] org.apache.catalina.startup.HostConfig.deployDirectory Deploying web application directory [C:\Users\st855\Desktop\project2\apache-tomcat-10.1.49\webapps\ROOT]
07-Dec-2025 11:48:48.482 INFO [main] org.apache.catalina.startup.HostConfig.deployDirectory Deployment of web application directory [C:\Users\st855\Desktop\project2\apache-tomcat-10.1.49\webapps\ROOT] has finished in [71] ms
07-Dec-2025 11:48:48.493 INFO [main] org.apache.coyote.AbstractProtocol.start Starting ProtocolHandler ["http-nio-8080"]
07-Dec-2025 11:48:48.560 INFO [main] org.apache.catalina.startup.Catalina.start Server startup in [4944] milliseconds
