23-Nov-2025 09:19:26.407 INFO [main] org.apache.catalina.startup.VersionLoggerListener.log Server version name:   Apache Tomcat/10.1.49
23-Nov-2025 09:19:26.430 INFO [main] org.apache.catalina.startup.VersionLoggerListener.log Server built:          Nov 6 2025 01:31:11 UTC
23-Nov-2025 09:19:26.430 INFO [main] org.apache.catalina.startup.VersionLoggerListener.log Server version number: 10.1.49.0
23-Nov-2025 09:19:26.430 INFO [main] org.apache.catalina.startup.VersionLoggerListener.log OS Name:               Windows 11
23-Nov-2025 09:19:26.430 INFO [main] org.apache.catalina.startup.VersionLoggerListener.log OS Version:            10.0
23-Nov-2025 09:19:26.430 INFO [main] org.apache.catalina.startup.VersionLoggerListener.log Architecture:          amd64
23-Nov-2025 09:19:26.430 INFO [main] org.apache.catalina.startup.VersionLoggerListener.log Java Home:             C:\Program Files\Java\jdk-23
23-Nov-2025 09:19:26.430 INFO [main] org.apache.catalina.startup.VersionLoggerListener.log JVM Version:           23.0.2+7-58
23-Nov-2025 09:19:26.430 INFO [main] org.apache.catalina.startup.VersionLoggerListener.log JVM Vendor:            Oracle Corporation
23-Nov-2025 09:19:26.430 INFO [main] org.apache.catalina.startup.VersionLoggerListener.log CATALINA_BASE:         C:\Users\st855\Desktop\project2\apache-tomcat-10.1.49
23-Nov-2025 09:19:26.430 INFO [main] org.apache.catalina.startup.VersionLoggerListener.log CATALINA_HOME:         C:\Users\st855\Desktop\project2\apache-tomcat-10.1.49
23-Nov-2025 09:19:26.503 INFO [main] org.apache.catalina.startup.VersionLoggerListener.log Command line argument: -Djava.util.logging.config.file=C:\Users\st855\Desktop\project2\apache-tomcat-10.1.49\conf\logging.properties
23-Nov-2025 09:19:26.503 INFO [main] org.apache.catalina.startup.VersionLoggerListener.log Command line argument: -Djava.util.logging.manager=org.apache.juli.ClassLoaderLogManager
23-Nov-2025 09:19:26.503 INFO [main] org.apache.catalina.startup.VersionLoggerListener.log Command line argument: -Djdk.tls.ephemeralDHKeySize=2048
23-Nov-2025 09:19:26.509 INFO [main] org.apache.catalina.startup.VersionLoggerListener.log Command line argument: -Djava.protocol.handler.pkgs=org.apache.catalina.webresources
23-Nov-2025 09:19:26.509 INFO [main] org.apache.catalina.startup.VersionLoggerListener.log Command line argument: -Dsun.io.useCanonCaches=false
23-Nov-2025 09:19:26.509 INFO [main] org.apache.catalina.startup.VersionLoggerListener.log Command line argument: --add-opens=java.base/java.lang=ALL-UNNAMED
23-Nov-2025 09:19:26.509 INFO [main] org.apache.catalina.startup.VersionLoggerListener.log Command line argument: --add-opens=java.base/java.lang.reflect=ALL-UNNAMED
23-Nov-2025 09:19:26.509 INFO [main] org.apache.catalina.startup.VersionLoggerListener.log Command line argument: --add-opens=java.base/java.io=ALL-UNNAMED
23-Nov-2025 09:19:26.509 INFO [main] org.apache.catalina.startup.VersionLoggerListener.log Command line argument: --add-opens=java.base/java.util=ALL-UNNAMED
23-Nov-2025 09:19:26.509 INFO [main] org.apache.catalina.startup.VersionLoggerListener.log Command line argument: --add-opens=java.base/java.util.concurrent=ALL-UNNAMED
23-Nov-2025 09:19:26.509 INFO [main] org.apache.catalina.startup.VersionLoggerListener.log Command line argument: --add-opens=java.rmi/sun.rmi.transport=ALL-UNNAMED
23-Nov-2025 09:19:26.509 INFO [main] org.apache.catalina.startup.VersionLoggerListener.log Command line argument: -Dcatalina.base=C:\Users\st855\Desktop\project2\apache-tomcat-10.1.49
23-Nov-2025 09:19:26.509 INFO [main] org.apache.catalina.startup.VersionLoggerListener.log Command line argument: -Dcatalina.home=C:\Users\st855\Desktop\project2\apache-tomcat-10.1.49
23-Nov-2025 09:19:26.509 INFO [main] org.apache.catalina.startup.VersionLoggerListener.log Command line argument: -Djava.io.tmpdir=C:\Users\st855\Desktop\project2\apache-tomcat-10.1.49\temp
23-Nov-2025 09:19:26.523 INFO [main] org.apache.catalina.core.AprLifecycleListener.lifecycleEvent Loaded Apache Tomcat Native library [2.0.9] using APR version [1.7.6].
23-Nov-2025 09:19:26.566 INFO [main] org.apache.catalina.core.AprLifecycleListener.initializeSSL OpenSSL successfully initialized [OpenSSL 3.5.0 8 Apr 2025]
23-Nov-2025 09:19:27.616 INFO [main] org.apache.coyote.AbstractProtocol.init Initializing ProtocolHandler ["http-nio-8080"]
23-Nov-2025 09:19:27.686 INFO [main] org.apache.catalina.startup.Catalina.load Server initialization in [1912] milliseconds
23-Nov-2025 09:19:27.823 INFO [main] org.apache.catalina.core.StandardService.startInternal Starting service [Catalina]
23-Nov-2025 09:19:27.823 INFO [main] org.apache.catalina.core.StandardEngine.startInternal Starting Servlet engine: [Apache Tomcat/10.1.49]
23-Nov-2025 09:19:27.875 INFO [main] org.apache.catalina.startup.HostConfig.deployWAR Deploying web application archive [C:\Users\st855\Desktop\project2\apache-tomcat-10.1.49\webapps\CyberLearn.war]
23-Nov-2025 09:19:31.349 INFO [main] org.apache.jasper.servlet.TldScanner.scanJars At least one JAR was scanned for TLDs yet contained no TLDs. Enable debug logging for this logger for a complete list of JARs that were scanned but no TLDs were found in them. Skipping unneeded JARs during scanning can improve startup time and JSP compilation time.
23-Nov-2025 09:19:31.564 INFO [main] org.apache.catalina.startup.HostConfig.deployWAR Deployment of web application archive [C:\Users\st855\Desktop\project2\apache-tomcat-10.1.49\webapps\CyberLearn.war] has finished in [3,689] ms
23-Nov-2025 09:19:31.572 INFO [main] org.apache.catalina.startup.HostConfig.deployDirectory Deploying web application directory [C:\Users\st855\Desktop\project2\apache-tomcat-10.1.49\webapps\docs]
23-Nov-2025 09:19:31.673 INFO [main] org.apache.catalina.startup.HostConfig.deployDirectory Deployment of web application directory [C:\Users\st855\Desktop\project2\apache-tomcat-10.1.49\webapps\docs] has finished in [101] ms
23-Nov-2025 09:19:31.675 INFO [main] org.apache.catalina.startup.HostConfig.deployDirectory Deploying web application directory [C:\Users\st855\Desktop\project2\apache-tomcat-10.1.49\webapps\examples]
23-Nov-2025 09:19:33.021 INFO [main] org.apache.catalina.startup.HostConfig.deployDirectory Deployment of web application directory [C:\Users\st855\Desktop\project2\apache-tomcat-10.1.49\webapps\examples] has finished in [1,346] ms
23-Nov-2025 09:19:33.021 INFO [main] org.apache.catalina.startup.HostConfig.deployDirectory Deploying web application directory [C:\Users\st855\Desktop\project2\apache-tomcat-10.1.49\webapps\host-manager]
23-Nov-2025 09:19:33.137 INFO [main] org.apache.catalina.startup.HostConfig.deployDirectory Deployment of web application directory [C:\Users\st855\Desktop\project2\apache-tomcat-10.1.49\webapps\host-manager] has finished in [116] ms
23-Nov-2025 09:19:33.137 INFO [main] org.apache.catalina.startup.HostConfig.deployDirectory Deploying web application directory [C:\Users\st855\Desktop\project2\apache-tomcat-10.1.49\webapps\manager]
23-Nov-2025 09:19:33.249 INFO [main] org.apache.catalina.startup.HostConfig.deployDirectory Deployment of web application directory [C:\Users\st855\Desktop\project2\apache-tomcat-10.1.49\webapps\manager] has finished in [112] ms
23-Nov-2025 09:19:33.249 INFO [main] org.apache.catalina.startup.HostConfig.deployDirectory Deploying web application directory [C:\Users\st855\Desktop\project2\apache-tomcat-10.1.49\webapps\ROOT]
23-Nov-2025 09:19:33.328 INFO [main] org.apache.catalina.startup.HostConfig.deployDirectory Deployment of web application directory [C:\Users\st855\Desktop\project2\apache-tomcat-10.1.49\webapps\ROOT] has finished in [79] ms
23-Nov-2025 09:19:33.335 INFO [main] org.apache.coyote.AbstractProtocol.start Starting ProtocolHandler ["http-nio-8080"]
23-Nov-2025 09:19:33.414 INFO [main] org.apache.catalina.startup.Catalina.start Server startup in [5724] milliseconds
